ISim log file
Running: N:\Xilinx_ISE\workspace\Lab05\Top_tb_isim_beh.exe -intstyle ise -gui -tclbatch isim.cmd -wdb N:/Xilinx_ISE/workspace/Lab05/Top_tb_isim_beh.wdb 
ISim P.20131013 (signature 0x7708f090)
This is a Full version of ISim.
Time resolution is 1 ps
# onerror resume
# wave add /
# run 100 ns
Simulator is doing circuit initialization process.
ERROR: Too many words specified in datafile Instruction
Finished circuit initialization process.
ISim P.20131013 (signature 0x7708f090)
This is a Full version of ISim.
# run 100 ns
Simulator is doing circuit initialization process.
ERROR: Too many words specified in datafile Instruction
Finished circuit initialization process.
ISim P.20131013 (signature 0x7708f090)
This is a Full version of ISim.
# run 100 ns
Simulator is doing circuit initialization process.
ERROR: Too many words specified in datafile Instruction
Finished circuit initialization process.
